//-------------------------- 8/25/2025 -- 14:34:29 -----
Processor Init:
   AMD Phenom, ~2.99 Ghz
   FPU detected
   MMX detected
   SSE detected
   SSE2 detected
   HT detected
   MP detected [8 cores, 16 logical, 1 physical]
 
Math Init:
   Installing Standard C extensions
   Installing Assembly extensions
   Installing FPU extensions
   Installing MMX extensions
   Installing SSE extensions
 
Initializing platform...
Input Init:
   keyboard0 input device created.
   mouse0 input device created.
   DirectInput enabled.

Done
GFX Init:
   Direct 3D (version 9.x) device found
   Direct 3D (version 9.x) device found
   Null device found

DebugDrawer Enabled!
--------- Loading DIRS ---------

--------- Parsing Arguments ---------
Binding server port to default IP
UDP initialized on port 0
Attempting to create GFX device: NVIDIA GeForce GTX 1070 (D3D9) [\\.\DISPLAY1]
Device created, setting adapter and enumerating modes
   Cur. D3DDevice ref count=1
   Pix version detected: 3.000000
   Vert version detected: 3.000000
   Maximum number of simultaneous samplers: 16
   Number of simultaneous render targets: 4
   Hardware occlusion query detected: Yes
   Using Direct3D9Ex: No
WMIVideoInfo: DxDiag initialized
Initializing GFXCardProfiler (D3D9)
   o Chipset : 'GeForce GTX 1070'
   o Card    : 'GeForce GTX 1070'
   o Version : '27.21.0014.5671'
   o VRAM    : 2147483647 MB
   - Scanning card capabilities...
GFXCardProfiler (D3D9) - Setting capability 'autoMipMapLevel' to 1.
GFXCardProfiler (D3D9) - Setting capability 'maxTextureWidth' to 16384.
GFXCardProfiler (D3D9) - Setting capability 'maxTextureHeight' to 16384.
GFXCardProfiler (D3D9) - Setting capability 'maxTextureSize' to 16384.
GFXCardProfiler (D3D9) - Setting capability 'lerpDetailBlend' to 1.
GFXCardProfiler (D3D9) - Setting capability 'fourStageDetailBlend' to 1.
   - Loading card profiles...
      - Loaded card profile core/profile/D3D9.cs
      - No card profile core/profile/D3D9.GeForceGTX1070.cs exists
      - No card profile core/profile/D3D9.GeForceGTX1070.GeForceGTX1070.cs exists
      - No card profile core/profile/D3D9.GeForceGTX1070.GeForceGTX1070.272100145671.cs exists
% - PostFX Manager - Executing core/scripts/client/postFx/default.postfxpreset.cs
% - PostFX Manager - Applying from preset
% - PostFX Manager - PostFX enabled
 % - Initialized Core

--------- Initializing Directory: scripts ---------
sfxStartup...
SFXSystem::createDevice - created XAudio device 'Speakers (4- Scarlett 2i2 USB)'
   Provider: XAudio
   Device: Speakers (4- Scarlett 2i2 USB)
   Hardware: No
   Buffers: 16

--------- Initializing EchoFlux: Server Scripts ---------

--------- Initializing EchoFlux: Client Scripts ---------

--------- Initializing Lighting Systems ---------
Using Advanced Lighting


--------------
Attempting to set resolution to "1024 768 false 32 60 4"
Accepted Mode: 
--Resolution : 1024 768
--Full Screen : No
--Bits Per Pixel : 32
--Refresh Rate : 60
--FSAA Level : 4
--------------
GFXPCD3D9Device::reset - depthstencil 79d03c0 has 2 ref's
--- Resetting D3D Device ---
GFXPCD3D9Device::reset - depthstencil 79d1040 has 2 ref's
--- Resetting D3D Device ---
Binding server port to default IP
UDP initialized on port 0
GuiCanvas::setContent - Invalid control specified')
Activating DirectInput...
 % - Initializing Tools
tools/gui/guiPlatformGenericMenubar.ed.gui (0): Unable to instantiate non-conobject class GuiPlatformGenericMenuBar.
 % - Initializing Tools Base
 % - Initializing Base Editor
 % - Initializing World Editor
 % - Initializing Sketch Tool
 - Initializing Datablock Editor
tools/datablockEditor/main.cs (37): Unable to find object: 'DatablockEditorInspectorWindow' attempting to call function 'setVisible'
tools/datablockEditor/main.cs (38): Unable to find object: 'DatablockEditorTreeWindow' attempting to call function 'setVisible'
Set::add: Object "DatablockEditorInspectorWindow" doesn't exist
Set::add: Object "DatablockEditorTreeWindow" doesn't exist
 % - Initializing Debugger
 % - Initializing Decal Editor
 % - Initializing Forest Editor
 % - Initializing Gui Editor
 % - Initializing Material Editor
 % - Initializing Mesh Road Editor
 % - Initializing Mission Area Editor
 % - Initializing Navigation Editor
SimObject::linkNamespaces -- Namespace linkage already in place NavEditorConsoleListener
 % - Initializing Particle Editor
 % - Initializing Physics Tools
No physics plugin exists.
 % - Initializing River Editor
 - Initializing Road and Path Editor
 % - Initializing Shape Editor
Engine initialized...
Win32Window::WindowProc - resetting device due to window size change.
GFXPCD3D9Device::reset - depthstencil 79d0460 has 2 ref's
--- Resetting D3D Device ---
DirectInput deactivated.
AntiAliasing has been disabled; it is not compatible with AdvancedLighting.
Activating DirectInput...
Window focus status changed: focus: 1
Time spent in toggleEditor() : 0.166 s
Exporting server prefs...
Warning: shape art/shapes/weapons/Turret/Turret_Legs.DAE collision detail 0 (Collision-1) bounds exceed that of shape.
Warning: shape art/shapes/weapons/Turret/Turret_Legs.DAE collision detail 0 (Collision-1) bounds exceed that of shape.
Warning: shape art/shapes/weapons/Turret/Turret_Legs.DAE collision detail 0 (Collision-1) bounds exceed that of shape.
TSShape::addSequence: Start keyframe (250) out of range (0-32) for sequence 'ambient'
TSShape::addSequence: End keyframe (269) out of range (0-32) for sequence 'ambient'
TSShape::addSequence: Start keyframe (150) out of range (0-32) for sequence 'ambient'
TSShape::addSequence: End keyframe (169) out of range (0-32) for sequence 'ambient'
TSShape::removeNode: Node 'collision-1' has 1 objects attached, these will be reassigned to the node's parent ('null')
TSShape::removeNode: Node 'Cheetah_Turret_LOD300' has 1 objects attached, these will be reassigned to the node's parent ('null')
TSShape::removeNode: Node 'Tread_LOD300' has 1 objects attached, these will be reassigned to the node's parent ('null')
TSShape::removeNode: Node 'collision-1' has 1 objects attached, these will be reassigned to the node's parent ('null')
TSShape::removeNode: Node 'TireBack_LOD300' has 1 objects attached, these will be reassigned to the node's parent ('null')
TSShape::removeNode: Node 'collision-1' has 1 objects attached, these will be reassigned to the node's parent ('null')
*** LOADING MISSION: levels/Empty Terrain.mis
*** Stage 1 load
*** Stage 2 load
Game -> activatePackages
*** Mission loaded
Connect request from: IP:0.0.0.0:0
Connection established 4434
CADD: 4435 local
*** Sending mission load to client: levels/Empty Terrain.mis
Mapping string: ServerMessage to index: 0
Mapping string: MsgConnectionError to index: 1
Mapping string: MsgLoadInfo to index: 2
Mapping string: MsgLoadDescripition to index: 3
Mapping string: MsgLoadInfoDone to index: 4
Mapping string: MissionStartPhase1 to index: 5
*** New Mission: levels/Empty Terrain.mis
*** Phase 1: Download Datablocks & Targets
% - PostFX Manager - Executing core/scripts/client/postFx/default.postfxpreset.cs
% - PostFX Manager - Applying from preset
% - PostFX Manager - PostFX enabled
Mapping string: MissionStartPhase1Ack to index: 0
Warning: shape art/shapes/weapons/Turret/Turret_Legs.DAE collision detail 1 (Collision-1) bounds exceed that of shape.
Warning: shape art/shapes/weapons/Turret/Turret_Legs.DAE collision detail 1 (Collision-1) bounds exceed that of shape.
Warning: shape art/shapes/weapons/Turret/Turret_Legs.DAE collision detail 1 (Collision-1) bounds exceed that of shape.
[MaterialList::mapMaterials] Unable to find material for texture: base.lmale
Mapping string: MissionStartPhase2 to index: 6
*** Phase 2: Download Ghost Objects
Mapping string: MissionStartPhase2Ack to index: 1
Ghost Always objects received.
Mapping string: MissionStartPhase3 to index: 7
Client Replication Startup has Happened!
fxFoliageReplicator - replicated client foliage for 0 objects
*** Phase 3: Mission Lighting
Mission lighting done
Mapping string: MissionStartPhase3Ack to index: 2
scripts/server/gameCore.cs (523): Unknown command RefreshWeaponHud.
  Object LocalClientConnection(4435) LocalClientConnection -> GameConnection -> GameConnection -> GameConnection -> NetConnection -> SimGroup -> SimSet -> SimObject
Mapping string: MissionStart to index: 8
Mapping string: SyncClock to index: 9
Mapping string: MsgClientJoin to index: 10
Mapping string: Welcome to EcFx (Under Construction), %1! to index: 11
Mapping string: playernamehere to index: 12
*** Initial Control Object
C:/Users/REB #0/OneDrive/Desktop/torque/My Projects/EchoFlux/game/shaders/common/postFx/edgeaa/edgeDetectP.hlsl(51,13): warning X3550: array reference cannot be used as an l-value; not natively addressable, forcing loop to unroll
Warning: AttachWindows - could not find windows
Win32Window::WindowProc - resetting device due to window size change.
GFXPCD3D9Device::reset - depthstencil 79d08c0 has 2 ref's
--- Resetting D3D Device ---
Time spent in toggleEditor() : 2.65 s
*** Control Object Changed
Mapping string: DarkGreen to index: 13
Mapping string: SetEditorCameraPlayer to index: 3
Mapping string: SetEditorOrbitCamera to index: 4
*** Control Object Changed
Win32Window::WindowProc - resetting device due to window size change.
GFXPCD3D9Device::reset - depthstencil 1d745400 has 2 ref's
--- Resetting D3D Device ---
*** ENDING MISSION
tools/datablockEditor/datablockEditor.cs (103): Unable to find object: 'DatablockEditorTree' attempting to call function 'clear'
tools/datablockEditor/datablockEditor.cs (104): Unable to find object: 'DatablockEditorInspector' attempting to call function 'inspect'
4433 -> deactivatePackages
CDROP: 4435 IP:0.0.0.0:0
Exporting server prefs...
Exporting client prefs
Exporting server prefs
Cur. D3DDevice ref count=1
